[07.08.25 17:09:42][main.py][84]> D: ------------------------------------------------------------------
[07.08.25 17:09:53][main.py][84]> D: ------------------------------------------------------------------
[07.08.25 17:09:53][main.py][127]> I: Загружаю конфиг _main.cfg...
[07.08.25 17:09:53][main.py][132]> I: Загружаю конфиг auto_response.cfg...
[07.08.25 17:09:53][main.py][136]> I: Загружаю конфиг auto_delivery.cfg...
[07.08.25 17:09:53][cardinal.py][837]> I: Хэндлеры из handlers.py зарегистрированы.
[07.08.25 17:09:53][cardinal.py][837]> I: Хэндлеры из announcements.py зарегистрированы.
[07.08.25 17:09:53][cardinal.py][794]> I: Плагины не обнаружены.
[07.08.25 17:09:53][bot.py][1244]> I: Telegram бот инициализирован.
[07.08.25 17:09:53][cardinal.py][837]> I: Хэндлеры из tg_bot.auto_response_cp.py зарегистрированы.
[07.08.25 17:09:53][cardinal.py][837]> I: Хэндлеры из tg_bot.auto_delivery_cp.py зарегистрированы.
[07.08.25 17:09:53][cardinal.py][837]> I: Хэндлеры из tg_bot.config_loader_cp.py зарегистрированы.
[07.08.25 17:09:53][cardinal.py][837]> I: Хэндлеры из tg_bot.templates_cp.py зарегистрированы.
[07.08.25 17:09:53][cardinal.py][837]> I: Хэндлеры из tg_bot.plugins_cp.py зарегистрированы.
[07.08.25 17:09:53][cardinal.py][837]> I: Хэндлеры из tg_bot.file_uploader.py зарегистрированы.
[07.08.25 17:09:53][cardinal.py][837]> I: Хэндлеры из tg_bot.authorized_users_cp.py зарегистрированы.
[07.08.25 17:09:53][cardinal.py][837]> I: Хэндлеры из tg_bot.proxy_cp.py зарегистрированы.
[07.08.25 17:09:53][cardinal.py][837]> I: Хэндлеры из tg_bot.default_cp.py зарегистрированы.
[07.08.25 17:09:54][bot.py][1254]> I: Telegram бот @funpayaszdasdsad_bot запущен.
[07.08.25 17:09:56][cardinal.py][211]> I: 
[07.08.25 17:09:56][cardinal.py][211]> I: ------------------------------------------------------------
[07.08.25 17:09:56][cardinal.py][211]> I: * Добрый вечер, ZxcLaVacca.                                *
[07.08.25 17:09:56][cardinal.py][211]> I: * Ваш ID: 15999423.                                        *
[07.08.25 17:09:56][cardinal.py][211]> I: * Ваш текущий баланс: 0.0 RUB | 0.0 USD | 0.0 EUR          *
[07.08.25 17:09:56][cardinal.py][211]> I: * Текущие незавершенные сделки: 0.                         *
[07.08.25 17:09:56][cardinal.py][211]> I: * Удачной торговли!                                        *
[07.08.25 17:09:56][cardinal.py][211]> I: ------------------------------------------------------------
[07.08.25 17:09:56][cardinal.py][211]> I: 
[07.08.25 17:09:56][cardinal.py][237]> I: Получаю данные о лотах и категориях...
[07.08.25 17:09:57][cardinal.py][262]> I: Обновил информацию о лотах (0) и категориях (0) профиля.
[07.08.25 17:09:57][cardinal.py][266]> I: Обновил информацию о лотах (0) и категориях (0) профиля (TG ПУ).
[07.08.25 17:09:57][cardinal.py][600]> I: Цикл автоподнятия не был запущен, т.к. на аккаунте не обнаружен лотов.
[07.08.25 17:09:57][cardinal.py][621]> I: Цикл обновления сессии запущен.
[07.08.25 17:09:57][runner.py][127]> D: Получены данные о событиях: {'objects': [{'type': 'orders_counters', 'id': 15999423, 'tag': 'gyez04rp', 'data': {'buyer': 0, 'seller': 0}}, {'type': 'chat_bookmarks', 'id': 15999423, 'tag': 'zc3jgbk3', 'data': {'counter': 0, 'message': 0, 'order': [188603625], 'html': '<div class="chat-full-header">\n    <h1>Сообщения</h1>\n</div>\n<div class="contact-list custom-scroll">\n                    <a href="https://funpay.com/chat/?node=188603625" class="contact-item" data-id="188603625" data-node-msg="3523305773" data-user-msg="3523305773">\n            <div class="contact-item-photo">\n                <div class="avatar-photo" style="background-image: url(/img/layout/avatar.png);"></div>\n            </div>\n            <div class="media-user-name">FunPay</div>\n                            <div class="contact-item-message">Также иногда мошенники присылают скриншоты «оплаты», которым ни в коем случае нельзя доверять.\n\nПеред выполнением заказа всегда проверяйте наличие оплаты в разделе «Мои продажи».\n\nНа всякий случай повторяем ещё раз самое главное:\n\nПеред выполнением з</div>\n                <div class="contact-item-time">16:25</div>\n                    </a>\n    </div>'}}], 'response': False}
[07.08.25 17:10:01][runner.py][127]> D: Получены данные о событиях: {'objects': [], 'response': False}
[07.08.25 17:10:05][bot.py][309]> W: @MakaroshkaLove (ID: 1093972854) попытался получить доступ к ПУ. Сдерживаю его как могу!
[07.08.25 17:10:05][runner.py][127]> D: Получены данные о событиях: {'objects': [], 'response': False}
[07.08.25 17:10:09][runner.py][127]> D: Получены данные о событиях: {'objects': [], 'response': False}
[07.08.25 17:10:13][runner.py][127]> D: Получены данные о событиях: {'objects': [], 'response': False}
[07.08.25 17:10:15][bot.py][304]> W: @MakaroshkaLove (ID: 1093972854) получил доступ к ПУ.
[07.08.25 17:10:17][runner.py][127]> D: Получены данные о событиях: {'objects': [], 'response': False}
[07.08.25 17:10:21][runner.py][127]> D: Получены данные о событиях: {'objects': [], 'response': False}
[07.08.25 17:10:25][runner.py][127]> D: Получены данные о событиях: {'objects': [], 'response': False}
[07.08.25 17:10:29][runner.py][127]> D: Получены данные о событиях: {'objects': [], 'response': False}
[07.08.25 17:10:33][runner.py][127]> D: Получены данные о событиях: {'objects': [], 'response': False}
[07.08.25 17:10:37][runner.py][127]> D: Получены данные о событиях: {'objects': [], 'response': False}
[07.08.25 17:10:40][file_uploader.py][254]> I: [IMPORTANT] Пользователь @MakaroshkaLove (id: 1093972854) загрузил в бота плагин plugins/copy_lots_plugin.py.
[07.08.25 17:10:41][runner.py][127]> D: Получены данные о событиях: {'objects': [], 'response': False}
[07.08.25 17:10:43][main.py][84]> D: ------------------------------------------------------------------
[07.08.25 17:10:43][main.py][127]> I: Загружаю конфиг _main.cfg...
[07.08.25 17:10:43][main.py][132]> I: Загружаю конфиг auto_response.cfg...
[07.08.25 17:10:43][main.py][136]> I: Загружаю конфиг auto_delivery.cfg...
[07.08.25 17:10:43][cardinal.py][837]> I: Хэндлеры из handlers.py зарегистрированы.
[07.08.25 17:10:43][cardinal.py][837]> I: Хэндлеры из announcements.py зарегистрированы.
[07.08.25 17:10:43][cardinal.py][837]> I: Хэндлеры из plugins.copy_lots_plugin.py зарегистрированы.
[07.08.25 17:10:43][bot.py][1244]> I: Telegram бот инициализирован.
[07.08.25 17:10:43][cardinal.py][837]> I: Хэндлеры из tg_bot.auto_response_cp.py зарегистрированы.
[07.08.25 17:10:43][cardinal.py][837]> I: Хэндлеры из tg_bot.auto_delivery_cp.py зарегистрированы.
[07.08.25 17:10:43][cardinal.py][837]> I: Хэндлеры из tg_bot.config_loader_cp.py зарегистрированы.
[07.08.25 17:10:43][cardinal.py][837]> I: Хэндлеры из tg_bot.templates_cp.py зарегистрированы.
[07.08.25 17:10:43][cardinal.py][837]> I: Хэндлеры из tg_bot.plugins_cp.py зарегистрированы.
[07.08.25 17:10:43][cardinal.py][837]> I: Хэндлеры из tg_bot.file_uploader.py зарегистрированы.
[07.08.25 17:10:43][cardinal.py][837]> I: Хэндлеры из tg_bot.authorized_users_cp.py зарегистрированы.
[07.08.25 17:10:43][cardinal.py][837]> I: Хэндлеры из tg_bot.proxy_cp.py зарегистрированы.
[07.08.25 17:10:43][cardinal.py][837]> I: Хэндлеры из tg_bot.default_cp.py зарегистрированы.
[07.08.25 17:10:44][bot.py][1254]> I: Telegram бот @funpayaszdasdsad_bot запущен.
[07.08.25 17:10:46][cardinal.py][211]> I: 
[07.08.25 17:10:46][cardinal.py][211]> I: ------------------------------------------------------------
[07.08.25 17:10:46][cardinal.py][211]> I: * Добрый вечер, ZxcLaVacca.                                *
[07.08.25 17:10:46][cardinal.py][211]> I: * Ваш ID: 15999423.                                        *
[07.08.25 17:10:46][cardinal.py][211]> I: * Ваш текущий баланс: 0.0 RUB | 0.0 USD | 0.0 EUR          *
[07.08.25 17:10:46][cardinal.py][211]> I: * Текущие незавершенные сделки: 0.                         *
[07.08.25 17:10:46][cardinal.py][211]> I: * Удачной торговли!                                        *
[07.08.25 17:10:46][cardinal.py][211]> I: ------------------------------------------------------------
[07.08.25 17:10:46][cardinal.py][211]> I: 
[07.08.25 17:10:46][cardinal.py][237]> I: Получаю данные о лотах и категориях...
[07.08.25 17:10:46][cardinal.py][262]> I: Обновил информацию о лотах (0) и категориях (0) профиля.
[07.08.25 17:10:46][cardinal.py][266]> I: Обновил информацию о лотах (0) и категориях (0) профиля (TG ПУ).
[07.08.25 17:10:46][cardinal.py][600]> I: Цикл автоподнятия не был запущен, т.к. на аккаунте не обнаружен лотов.
[07.08.25 17:10:46][cardinal.py][621]> I: Цикл обновления сессии запущен.
[07.08.25 17:10:47][runner.py][127]> D: Получены данные о событиях: {'objects': [{'type': 'orders_counters', 'id': 15999423, 'tag': 'gyez04rp', 'data': {'buyer': 0, 'seller': 0}}, {'type': 'chat_bookmarks', 'id': 15999423, 'tag': 'zc3jgbk3', 'data': {'counter': 0, 'message': 0, 'order': [188603625], 'html': '<div class="chat-full-header">\n    <h1>Сообщения</h1>\n</div>\n<div class="contact-list custom-scroll">\n                    <a href="https://funpay.com/chat/?node=188603625" class="contact-item" data-id="188603625" data-node-msg="3523305773" data-user-msg="3523305773">\n            <div class="contact-item-photo">\n                <div class="avatar-photo" style="background-image: url(/img/layout/avatar.png);"></div>\n            </div>\n            <div class="media-user-name">FunPay</div>\n                            <div class="contact-item-message">Также иногда мошенники присылают скриншоты «оплаты», которым ни в коем случае нельзя доверять.\n\nПеред выполнением заказа всегда проверяйте наличие оплаты в разделе «Мои продажи».\n\nНа всякий случай повторяем ещё раз самое главное:\n\nПеред выполнением з</div>\n                <div class="contact-item-time">16:25</div>\n                    </a>\n    </div>'}}], 'response': False}
[07.08.25 17:10:51][runner.py][127]> D: Получены данные о событиях: {'objects': [], 'response': False}
[07.08.25 17:10:55][runner.py][127]> D: Получены данные о событиях: {'objects': [], 'response': False}
[07.08.25 17:10:59][runner.py][127]> D: Получены данные о событиях: {'objects': [], 'response': False}
[07.08.25 17:11:03][runner.py][127]> D: Получены данные о событиях: {'objects': [], 'response': False}
[07.08.25 17:11:07][runner.py][127]> D: Получены данные о событиях: {'objects': [], 'response': False}
[07.08.25 17:11:11][runner.py][127]> D: Получены данные о событиях: {'objects': [], 'response': False}
[07.08.25 17:11:15][runner.py][127]> D: Получены данные о событиях: {'objects': [], 'response': False}
[07.08.25 17:11:15][copy_lots_plugin.py][181]> I: [LOTS COPY] Создал лот ⚫️SECRET⚫️🌊🦈LOS TRALALERITOS🦈🌊| 💵5M/s 💵|.
[07.08.25 17:11:16][copy_lots_plugin.py][181]> I: [LOTS COPY] Создал лот 💸💫𝐒𝐓𝐄𝐀𝐋 𝐀 𝐁𝐑𝐀𝐈𝐍𝐑𝐎𝐓💫💸 | 🖤SECRET🖤 | Lava| 🕷 Chimpanzini Spiderini 5.5m/s💸🕷 |.
[07.08.25 17:11:18][copy_lots_plugin.py][181]> I: [LOTS COPY] Создал лот ⚫️SECRET⚫️🪐LA VACCA SATURNO SATURNITA🪐|⭐️default⭐️|| 💵1.7m/s 💵|.
[07.08.25 17:11:19][runner.py][127]> D: Получены данные о событиях: {'objects': [], 'response': False}
[07.08.25 17:11:19][copy_lots_plugin.py][181]> I: [LOTS COPY] Создал лот 💎DIAMOMD💎⬛️SECRET⬛️🪐LA Vacca saturno saturnita🪐 6M/s✨️.
[07.08.25 17:11:21][copy_lots_plugin.py][181]> I: [LOTS COPY] Создал лот 🪐 La Vacca Saturno Saturnito 🪐 4.5M/s.
[07.08.25 17:11:22][copy_lots_plugin.py][181]> I: [LOTS COPY] Создал лот 🍇Graipuss Medussi🍇 🌈Rainbow🌈 💸10m/s💸.
[07.08.25 17:11:23][runner.py][127]> D: Получены данные о событиях: {'objects': [], 'response': False}
[07.08.25 17:11:24][copy_lots_plugin.py][181]> I: [LOTS COPY] Создал лот 💸💫𝐒𝐓𝐄𝐀𝐋 𝐀 𝐁𝐑𝐀𝐈𝐍𝐑𝐎𝐓💫💸 | 🖤SECRET🖤 | Lava| 🕷 Chimpanzini Spiderini 5.2m/s💸🕷 |.
[07.08.25 17:11:25][copy_lots_plugin.py][181]> I: [LOTS COPY] Создал лот 💸💫𝐒𝐓𝐄𝐀𝐋 𝐀 𝐁𝐑𝐀𝐈𝐍𝐑𝐎𝐓💫💸 | 🖤SECRET🖤 | Lava| 🕷 Chimpanzini Spiderini 4.3m/s💸🕷 |.
[07.08.25 17:11:27][runner.py][127]> D: Получены данные о событиях: {'objects': [], 'response': False}
[07.08.25 17:11:27][copy_lots_plugin.py][181]> I: [LOTS COPY] Создал лот 💸💫𝐒𝐓𝐄𝐀𝐋 𝐀 𝐁𝐑𝐀𝐈𝐍𝐑𝐎𝐓💫💸 | 🖤SECRET🖤 | Lava| 🕷 Chimpanzini Spiderini 5.8m/s💸🕷 |.
[07.08.25 17:11:28][copy_lots_plugin.py][181]> I: [LOTS COPY] Создал лот 🐘🦈Los combinasionas🦈🐘 | 💸18.7m$/s💸 | Secret | VERY RARE.
[07.08.25 17:11:30][copy_lots_plugin.py][181]> I: [LOTS COPY] Создал лот 🪐🐮 | Las Vaquitas Saturnitas | 7.6M/S | SECRET 🪐🐮.
[07.08.25 17:11:31][runner.py][127]> D: Получены данные о событиях: {'objects': [], 'response': False}
[07.08.25 17:11:35][runner.py][127]> D: Получены данные о событиях: {'objects': [], 'response': False}
[07.08.25 17:11:39][runner.py][127]> D: Получены данные о событиях: {'objects': [], 'response': False}
[07.08.25 17:11:43][runner.py][127]> D: Получены данные о событиях: {'objects': [], 'response': False}
[07.08.25 17:11:47][runner.py][127]> D: Получены данные о событиях: {'objects': [], 'response': False}
[07.08.25 17:11:51][runner.py][127]> D: Получены данные о событиях: {'objects': [], 'response': False}
[07.08.25 17:11:55][runner.py][127]> D: Получены данные о событиях: {'objects': [], 'response': False}
[07.08.25 17:11:59][runner.py][127]> D: Получены данные о событиях: {'objects': [], 'response': False}
[07.08.25 17:12:03][runner.py][127]> D: Получены данные о событиях: {'objects': [], 'response': False}
[07.08.25 17:12:07][runner.py][127]> D: Получены данные о событиях: {'objects': [], 'response': False}
